{
  "stats": {
    "suites": 1,
    "tests": 4,
    "passes": 2,
    "pending": 0,
    "failures": 2,
    "start": "2021-04-30T19:24:00.353Z",
    "end": "2021-04-30T19:24:28.876Z",
    "duration": 28523,
    "testsRegistered": 4,
    "passPercent": 50,
    "pendingPercent": 0,
    "other": 0,
    "hasOther": false,
    "skipped": 0,
    "hasSkipped": false
  },
  "results": [
    {
      "uuid": "ef0115fe-c907-4b40-aaea-b20a9cff0782",
      "title": "",
      "fullFile": "cypress/integration/herokuDeploy.spec.js",
      "file": "cypress/integration/herokuDeploy.spec.js",
      "beforeHooks": [],
      "afterHooks": [],
      "tests": [],
      "suites": [
        {
          "uuid": "4b13b71f-4a41-4f8c-9326-8346faebd159",
          "title": "1 - Verifica se foi feito o deploy do frontend no Heroku",
          "fullFile": "",
          "file": "",
          "beforeHooks": [],
          "afterHooks": [],
          "tests": [
            {
              "title": "Será validado que o botão de mudar de realidade existe",
              "fullTitle": "1 - Verifica se foi feito o deploy do frontend no Heroku Será validado que o botão de mudar de realidade existe",
              "timedOut": null,
              "duration": 3430,
              "state": "passed",
              "speed": "slow",
              "pass": true,
              "fail": false,
              "pending": false,
              "context": null,
              "code": "cy.get(\".change-reality\").should(\"exist\");",
              "err": {},
              "uuid": "b0d379c3-b557-4d55-b11c-4ab9a4c3a388",
              "parentUUID": "4b13b71f-4a41-4f8c-9326-8346faebd159",
              "isHook": false,
              "skipped": false
            },
            {
              "title": "Será validado que a pesquisa funciona como deveria",
              "fullTitle": "1 - Verifica se foi feito o deploy do frontend no Heroku Será validado que a pesquisa funciona como deveria",
              "timedOut": null,
              "duration": 10813,
              "state": "failed",
              "speed": null,
              "pass": false,
              "fail": true,
              "pending": false,
              "context": null,
              "code": "cy.contains(PESQUISAR).click();\ncy.contains(MARTIN).should(\"exist\");",
              "err": {
                "message": "AssertionError: Timed out retrying: Expected to find content: 'Martin' but never did.",
                "estack": "AssertionError: Timed out retrying: Expected to find content: 'Martin' but never did.\n    at Context.eval (https://paula-jfe-ft.herokuapp.com/__cypress/tests?p=cypress/integration/herokuDeploy.spec.js:113:25)",
                "diff": null
              },
              "uuid": "0d999739-daa5-43d2-a2e2-fc74c2e331e8",
              "parentUUID": "4b13b71f-4a41-4f8c-9326-8346faebd159",
              "isHook": false,
              "skipped": false
            },
            {
              "title": "Será validado que o botão de mudar de realidade funciona.",
              "fullTitle": "1 - Verifica se foi feito o deploy do frontend no Heroku Será validado que o botão de mudar de realidade funciona.",
              "timedOut": null,
              "duration": 10815,
              "state": "failed",
              "speed": null,
              "pass": false,
              "fail": true,
              "pending": false,
              "context": null,
              "code": "cy.contains(\"Mudar de Realidade\").click();\ncy.contains(PESQUISAR).click();\ncy.contains(INVERTED_MARTIN).should(\"exist\");",
              "err": {
                "message": "AssertionError: Timed out retrying: Expected to find content: 'uᴉʇɹɐW' but never did.",
                "estack": "AssertionError: Timed out retrying: Expected to find content: 'uᴉʇɹɐW' but never did.\n    at Context.eval (https://paula-jfe-ft.herokuapp.com/__cypress/tests?p=cypress/integration/herokuDeploy.spec.js:118:34)",
                "diff": null
              },
              "uuid": "ea071e30-16fb-4f0e-b457-d1538f9672a4",
              "parentUUID": "4b13b71f-4a41-4f8c-9326-8346faebd159",
              "isHook": false,
              "skipped": false
            },
            {
              "title": "Será validado que os botões de próxima página e página anterior funcionam",
              "fullTitle": "1 - Verifica se foi feito o deploy do frontend no Heroku Será validado que os botões de próxima página e página anterior funcionam",
              "timedOut": null,
              "duration": 1941,
              "state": "passed",
              "speed": "slow",
              "pass": true,
              "fail": false,
              "pending": false,
              "context": null,
              "code": "cy.contains(PESQUISAR).click();\ncy.contains(MARTIN).should(\"exist\");\ncy.contains(\"Próximo\").click();\ncy.contains(\"2\").should(\"exist\");\ncy.contains(Claudia).should(\"exist\");\ncy.contains(\"Anterior\").click();\ncy.contains(\"1\").should(\"exist\");\ncy.contains(MARTIN).should(\"exist\");",
              "err": {},
              "uuid": "3ff21abd-360e-45f8-b20b-44fe044d4354",
              "parentUUID": "4b13b71f-4a41-4f8c-9326-8346faebd159",
              "isHook": false,
              "skipped": false
            }
          ],
          "suites": [],
          "passes": [
            "b0d379c3-b557-4d55-b11c-4ab9a4c3a388",
            "3ff21abd-360e-45f8-b20b-44fe044d4354"
          ],
          "failures": [
            "0d999739-daa5-43d2-a2e2-fc74c2e331e8",
            "ea071e30-16fb-4f0e-b457-d1538f9672a4"
          ],
          "pending": [],
          "skipped": [],
          "duration": 26999,
          "root": false,
          "rootEmpty": false,
          "_timeout": 2000
        }
      ],
      "passes": [],
      "failures": [],
      "pending": [],
      "skipped": [],
      "duration": 0,
      "root": true,
      "rootEmpty": true,
      "_timeout": 2000
    }
  ],
  "meta": {
    "mocha": {
      "version": "7.0.1"
    },
    "mochawesome": {
      "options": {
        "quiet": false,
        "reportFilename": "mochawesome",
        "saveHtml": false,
        "saveJson": true,
        "consoleReporter": "spec",
        "useInlineDiffs": false
      },
      "version": "4.1.0"
    },
    "marge": {
      "options": {
        "id": "default",
        "reportDir": "cypress/reports",
        "overwrite": false,
        "html": false,
        "json": true
      },
      "version": "4.1.0"
    }
  }
}